<?xml version="1.0" encoding="UTF-8"?>
<!-- Generated by org.testng.reporters.JUnitReportReporter -->
<testsuite hostname="Adan" failures="0" tests="1" name="adanautomation.Appium.TestRunner" time="1.180" errors="0" timestamp="2024-12-07T12:10:34 PKT" skipped="0">
  <testcase classname="adanautomation.Appium.TestRunner" name="Example" time="1.180"/>
  <system-out/>
</testsuite> <!-- adanautomation.Appium.TestRunner -->
