<?xml version="1.0" encoding="UTF-8"?>
<!-- Generated by org.testng.reporters.JUnitReportReporter -->
<testsuite hostname="DESKTOP-KA3VCTM" failures="0" tests="1" name="adanautomation.Appium.AppiumMain" time="10.872" errors="0" timestamp="2024-10-10T15:47:09 PKT" skipped="0">
  <testcase classname="adanautomation.Appium.AppiumMain" name="appiumTest" time="10.872"/>
  <system-out/>
</testsuite> <!-- adanautomation.Appium.AppiumMain -->
