<?xml version="1.0" encoding="UTF-8"?>
<!-- Generated by org.testng.reporters.JUnitReportReporter -->
<testsuite hostname="Adan" failures="0" tests="1" name="adanautomation.Appium.TestRunner" time="20.993" errors="0" timestamp="2024-12-19T21:59:45 PKT" skipped="0">
  <testcase classname="adanautomation.Appium.TestRunner" name="Example2" time="20.993"/>
  <system-out/>
</testsuite> <!-- adanautomation.Appium.TestRunner -->
